<?xml version="1.0" encoding="UTF-8"?>
<!-- Generated by org.testng.reporters.JUnitXMLReporter -->
<testsuite ignored="0" hostname="DESKTOP-0TSGC6B" failures="0" tests="3" name="Default test" time="1.635" errors="0" timestamp="2024-07-08T18:30:22 IST">
  <testcase classname="test.AddToCarttest" name="validateCartValueShown" time="0.988"/>
  <testcase classname="test.AddToCarttest" name="validateYourCartPage" time="0.251"/>
  <testcase classname="test.AddToCarttest" name="validateUserInformationPage" time="0.306"/>
</testsuite> <!-- Default test -->
