<?xml version="1.0" encoding="UTF-8"?>
<testng-results ignored="0" total="3" passed="3" failed="0" skipped="0">
  <reporter-output>
  </reporter-output>
  <suite started-at="2024-07-08T18:30:21 IST" name="Default suite" finished-at="2024-07-08T18:30:22 IST" duration-ms="1635">
    <groups>
    </groups>
    <test started-at="2024-07-08T18:30:21 IST" name="Default test" finished-at="2024-07-08T18:30:22 IST" duration-ms="1635">
      <class name="test.AddToCarttest">
        <test-method is-config="true" signature="setup()[pri:0, instance:test.AddToCarttest@4c163e3]" started-at="2024-07-08T18:30:15 IST" name="setup" finished-at="2024-07-08T18:30:21 IST" duration-ms="5251" status="PASS">
          <reporter-output>
          </reporter-output>
        </test-method> <!-- setup -->
        <test-method signature="validateCartValueShown()[pri:1, instance:test.AddToCarttest@4c163e3]" started-at="2024-07-08T18:30:21 IST" name="validateCartValueShown" finished-at="2024-07-08T18:30:22 IST" duration-ms="988" status="PASS">
          <reporter-output>
          </reporter-output>
        </test-method> <!-- validateCartValueShown -->
        <test-method signature="validateYourCartPage()[pri:2, instance:test.AddToCarttest@4c163e3]" started-at="2024-07-08T18:30:22 IST" name="validateYourCartPage" finished-at="2024-07-08T18:30:22 IST" depends-on-methods="test.AddToCarttest.validateCartValueShown" duration-ms="251" status="PASS">
          <reporter-output>
          </reporter-output>
        </test-method> <!-- validateYourCartPage -->
        <test-method signature="validateUserInformationPage()[pri:3, instance:test.AddToCarttest@4c163e3]" started-at="2024-07-08T18:30:22 IST" name="validateUserInformationPage" finished-at="2024-07-08T18:30:22 IST" depends-on-methods="test.AddToCarttest.validateYourCartPage" duration-ms="306" status="PASS">
          <reporter-output>
          </reporter-output>
        </test-method> <!-- validateUserInformationPage -->
        <test-method is-config="true" signature="teardown()[pri:0, instance:test.AddToCarttest@4c163e3]" started-at="2024-07-08T18:30:22 IST" name="teardown" finished-at="2024-07-08T18:30:22 IST" duration-ms="169" status="PASS">
          <reporter-output>
          </reporter-output>
        </test-method> <!-- teardown -->
      </class> <!-- test.AddToCarttest -->
    </test> <!-- Default test -->
  </suite> <!-- Default suite -->
</testng-results>
